C:\Program Files\Microsoft Visual Studio\2022\Community\MSBuild\Microsoft\VC\v170\Microsoft.CppBuild.targets(531,5): warning MSB8028: The intermediate directory (x64\Debug\) contains files shared from another project (Project1.vcxproj).  This can lead to incorrect clean and rebuild behavior.
  Game.cpp
C:\Users\Archi\Desktop\College Work\Year 4\4thYearProject\Project1\Mouse.h(26,89): warning C4244: '=': conversion from 'int' to 'T', possible loss of data
C:\Users\Archi\Desktop\College Work\Year 4\4thYearProject\Project1\Mouse.h(26,89): warning C4244:         with
C:\Users\Archi\Desktop\College Work\Year 4\4thYearProject\Project1\Mouse.h(26,89): warning C4244:         [
C:\Users\Archi\Desktop\College Work\Year 4\4thYearProject\Project1\Mouse.h(26,89): warning C4244:             T=float
C:\Users\Archi\Desktop\College Work\Year 4\4thYearProject\Project1\Mouse.h(26,89): warning C4244:         ]
  (compiling source file 'Game.cpp')
  
C:\Users\Archi\Desktop\College Work\Year 4\4thYearProject\Project1\Mouse.h(27,89): warning C4244: '=': conversion from 'int' to 'T', possible loss of data
C:\Users\Archi\Desktop\College Work\Year 4\4thYearProject\Project1\Mouse.h(27,89): warning C4244:         with
C:\Users\Archi\Desktop\College Work\Year 4\4thYearProject\Project1\Mouse.h(27,89): warning C4244:         [
C:\Users\Archi\Desktop\College Work\Year 4\4thYearProject\Project1\Mouse.h(27,89): warning C4244:             T=float
C:\Users\Archi\Desktop\College Work\Year 4\4thYearProject\Project1\Mouse.h(27,89): warning C4244:         ]
  (compiling source file 'Game.cpp')
  
C:\Users\Archi\Desktop\College Work\Year 4\4thYearProject\Project1\Game.cpp(217,14): warning C4244: 'initializing': conversion from 'sf::Int32' to 'float', possible loss of data
  MovementManager.cpp
  SelectorTool.cpp
C:\Users\Archi\Desktop\College Work\Year 4\4thYearProject\Project1\Mouse.h(26,89): warning C4244: '=': conversion from 'int' to 'T', possible loss of data
C:\Users\Archi\Desktop\College Work\Year 4\4thYearProject\Project1\Mouse.h(26,89): warning C4244:         with
C:\Users\Archi\Desktop\College Work\Year 4\4thYearProject\Project1\Mouse.h(26,89): warning C4244:         [
C:\Users\Archi\Desktop\College Work\Year 4\4thYearProject\Project1\Mouse.h(26,89): warning C4244:             T=float
C:\Users\Archi\Desktop\College Work\Year 4\4thYearProject\Project1\Mouse.h(26,89): warning C4244:         ]
  (compiling source file 'SelectorTool.cpp')
  
C:\Users\Archi\Desktop\College Work\Year 4\4thYearProject\Project1\Mouse.h(27,89): warning C4244: '=': conversion from 'int' to 'T', possible loss of data
C:\Users\Archi\Desktop\College Work\Year 4\4thYearProject\Project1\Mouse.h(27,89): warning C4244:         with
C:\Users\Archi\Desktop\College Work\Year 4\4thYearProject\Project1\Mouse.h(27,89): warning C4244:         [
C:\Users\Archi\Desktop\College Work\Year 4\4thYearProject\Project1\Mouse.h(27,89): warning C4244:             T=float
C:\Users\Archi\Desktop\College Work\Year 4\4thYearProject\Project1\Mouse.h(27,89): warning C4244:         ]
  (compiling source file 'SelectorTool.cpp')
  
  UnitHandler.cpp
C:\Users\Archi\Desktop\College Work\Year 4\4thYearProject\Project1\Mouse.h(26,89): warning C4244: '=': conversion from 'int' to 'T', possible loss of data
C:\Users\Archi\Desktop\College Work\Year 4\4thYearProject\Project1\Mouse.h(26,89): warning C4244:         with
C:\Users\Archi\Desktop\College Work\Year 4\4thYearProject\Project1\Mouse.h(26,89): warning C4244:         [
C:\Users\Archi\Desktop\College Work\Year 4\4thYearProject\Project1\Mouse.h(26,89): warning C4244:             T=float
C:\Users\Archi\Desktop\College Work\Year 4\4thYearProject\Project1\Mouse.h(26,89): warning C4244:         ]
  (compiling source file 'UnitHandler.cpp')
  
C:\Users\Archi\Desktop\College Work\Year 4\4thYearProject\Project1\Mouse.h(27,89): warning C4244: '=': conversion from 'int' to 'T', possible loss of data
C:\Users\Archi\Desktop\College Work\Year 4\4thYearProject\Project1\Mouse.h(27,89): warning C4244:         with
C:\Users\Archi\Desktop\College Work\Year 4\4thYearProject\Project1\Mouse.h(27,89): warning C4244:         [
C:\Users\Archi\Desktop\College Work\Year 4\4thYearProject\Project1\Mouse.h(27,89): warning C4244:             T=float
C:\Users\Archi\Desktop\College Work\Year 4\4thYearProject\Project1\Mouse.h(27,89): warning C4244:         ]
  (compiling source file 'UnitHandler.cpp')
  
C:\Users\Archi\Desktop\College Work\Year 4\4thYearProject\Project1\UnitHandler.cpp(85,41): warning C4267: 'initializing': conversion from 'size_t' to 'int', possible loss of data
C:\Users\Archi\Desktop\College Work\Year 4\4thYearProject\Project1\UnitHandler.cpp(85,21): warning C4267: 'initializing': conversion from 'size_t' to 'const int', possible loss of data
C:\Users\Archi\Desktop\College Work\Year 4\4thYearProject\Project1\UnitHandler.cpp(95,15): warning C4244: 'initializing': conversion from 'double' to 'float', possible loss of data
  main.cpp
C:\Users\Archi\Desktop\College Work\Year 4\4thYearProject\Project1\Mouse.h(26,89): warning C4244: '=': conversion from 'int' to 'T', possible loss of data
C:\Users\Archi\Desktop\College Work\Year 4\4thYearProject\Project1\Mouse.h(26,89): warning C4244:         with
C:\Users\Archi\Desktop\College Work\Year 4\4thYearProject\Project1\Mouse.h(26,89): warning C4244:         [
C:\Users\Archi\Desktop\College Work\Year 4\4thYearProject\Project1\Mouse.h(26,89): warning C4244:             T=float
C:\Users\Archi\Desktop\College Work\Year 4\4thYearProject\Project1\Mouse.h(26,89): warning C4244:         ]
  (compiling source file 'main.cpp')
  
C:\Users\Archi\Desktop\College Work\Year 4\4thYearProject\Project1\Mouse.h(27,89): warning C4244: '=': conversion from 'int' to 'T', possible loss of data
C:\Users\Archi\Desktop\College Work\Year 4\4thYearProject\Project1\Mouse.h(27,89): warning C4244:         with
C:\Users\Archi\Desktop\College Work\Year 4\4thYearProject\Project1\Mouse.h(27,89): warning C4244:         [
C:\Users\Archi\Desktop\College Work\Year 4\4thYearProject\Project1\Mouse.h(27,89): warning C4244:             T=float
C:\Users\Archi\Desktop\College Work\Year 4\4thYearProject\Project1\Mouse.h(27,89): warning C4244:         ]
  (compiling source file 'main.cpp')
  
  Generating Code...
C:\Users\Archi\Desktop\College Work\Year 4\4thYearProject\Project1\UnitHandler.cpp(194,1): warning C4715: 'UnitHandler::selectCell': not all control paths return a value
  Project1.vcxproj -> C:\Users\Archi\Desktop\College Work\Year 4\4thYearProject\x64\Debug\CowStrike.exe
